[2021-04-13 03:01:52] local.ERROR: syntax error, unexpected '::' (T_PAAMAYIM_NEKUDOTAYIM), expecting ')' {"exception":"[object] (ParseError(code: 0): syntax error, unexpected '::' (T_PAAMAYIM_NEKUDOTAYIM), expecting ')' at /Applications/XAMPP/xamppfiles/htdocs/poultry/routes/web.php:56)
[stacktrace]
#0 /Applications/XAMPP/xamppfiles/htdocs/poultry/vendor/laravel/framework/src/Illuminate/Routing/Router.php(425): Illuminate\\Routing\\RouteFileRegistrar->register('/Applications/X...')
#1 /Applications/XAMPP/xamppfiles/htdocs/poultry/vendor/laravel/framework/src/Illuminate/Routing/Router.php(382): Illuminate\\Routing\\Router->loadRoutes('/Applications/X...')
#2 /Applications/XAMPP/xamppfiles/htdocs/poultry/vendor/laravel/framework/src/Illuminate/Routing/RouteRegistrar.php(135): Illuminate\\Routing\\Router->group(Array, '/Applications/X...')
#3 /Applications/XAMPP/xamppfiles/htdocs/poultry/app/Providers/RouteServiceProvider.php(48): Illuminate\\Routing\\RouteRegistrar->group('/Applications/X...')
#4 /Applications/XAMPP/xamppfiles/htdocs/poultry/vendor/laravel/framework/src/Illuminate/Container/BoundMethod.php(36): App\\Providers\\RouteServiceProvider->App\\Providers\\{closure}()
#5 /Applications/XAMPP/xamppfiles/htdocs/poultry/vendor/laravel/framework/src/Illuminate/Container/Util.php(40): Illuminate\\Container\\BoundMethod::Illuminate\\Container\\{closure}()
#6 /Applications/XAMPP/xamppfiles/htdocs/poultry/vendor/laravel/framework/src/Illuminate/Container/BoundMethod.php(81): Illuminate\\Container\\Util::unwrapIfClosure(Object(Closure))
#7 /Applications/XAMPP/xamppfiles/htdocs/poultry/vendor/laravel/framework/src/Illuminate/Container/BoundMethod.php(37): Illuminate\\Container\\BoundMethod::callBoundMethod(Object(Illuminate\\Foundation\\Application), Object(Closure), Object(Closure))
#8 /Applications/XAMPP/xamppfiles/htdocs/poultry/vendor/laravel/framework/src/Illuminate/Container/Container.php(611): Illuminate\\Container\\BoundMethod::call(Object(Illuminate\\Foundation\\Application), Object(Closure), Array, NULL)
#9 /Applications/XAMPP/xamppfiles/htdocs/poultry/vendor/laravel/framework/src/Illuminate/Foundation/Support/Providers/RouteServiceProvider.php(120): Illuminate\\Container\\Container->call(Object(Closure))
#10 /Applications/XAMPP/xamppfiles/htdocs/poultry/vendor/laravel/framework/src/Illuminate/Foundation/Support/Providers/RouteServiceProvider.php(45): Illuminate\\Foundation\\Support\\Providers\\RouteServiceProvider->loadRoutes()
#11 /Applications/XAMPP/xamppfiles/htdocs/poultry/vendor/laravel/framework/src/Illuminate/Container/BoundMethod.php(36): Illuminate\\Foundation\\Support\\Providers\\RouteServiceProvider->Illuminate\\Foundation\\Support\\Providers\\{closure}()
#12 /Applications/XAMPP/xamppfiles/htdocs/poultry/vendor/laravel/framework/src/Illuminate/Container/Util.php(40): Illuminate\\Container\\BoundMethod::Illuminate\\Container\\{closure}()
#13 /Applications/XAMPP/xamppfiles/htdocs/poultry/vendor/laravel/framework/src/Illuminate/Container/BoundMethod.php(81): Illuminate\\Container\\Util::unwrapIfClosure(Object(Closure))
#14 /Applications/XAMPP/xamppfiles/htdocs/poultry/vendor/laravel/framework/src/Illuminate/Container/BoundMethod.php(37): Illuminate\\Container\\BoundMethod::callBoundMethod(Object(Illuminate\\Foundation\\Application), Object(Closure), Object(Closure))
#15 /Applications/XAMPP/xamppfiles/htdocs/poultry/vendor/laravel/framework/src/Illuminate/Container/Container.php(611): Illuminate\\Container\\BoundMethod::call(Object(Illuminate\\Foundation\\Application), Object(Closure), Array, NULL)
#16 /Applications/XAMPP/xamppfiles/htdocs/poultry/vendor/laravel/framework/src/Illuminate/Support/ServiceProvider.php(113): Illuminate\\Container\\Container->call(Object(Closure))
#17 /Applications/XAMPP/xamppfiles/htdocs/poultry/vendor/laravel/framework/src/Illuminate/Foundation/Application.php(917): Illuminate\\Support\\ServiceProvider->callBootedCallbacks()
#18 /Applications/XAMPP/xamppfiles/htdocs/poultry/vendor/laravel/framework/src/Illuminate/Foundation/Application.php(895): Illuminate\\Foundation\\Application->bootProvider(Object(App\\Providers\\RouteServiceProvider))
#19 [internal function]: Illuminate\\Foundation\\Application->Illuminate\\Foundation\\{closure}(Object(App\\Providers\\RouteServiceProvider), 28)
#20 /Applications/XAMPP/xamppfiles/htdocs/poultry/vendor/laravel/framework/src/Illuminate/Foundation/Application.php(896): array_walk(Array, Object(Closure))
#21 /Applications/XAMPP/xamppfiles/htdocs/poultry/vendor/laravel/framework/src/Illuminate/Foundation/Bootstrap/BootProviders.php(17): Illuminate\\Foundation\\Application->boot()
#22 /Applications/XAMPP/xamppfiles/htdocs/poultry/vendor/laravel/framework/src/Illuminate/Foundation/Application.php(237): Illuminate\\Foundation\\Bootstrap\\BootProviders->bootstrap(Object(Illuminate\\Foundation\\Application))
#23 /Applications/XAMPP/xamppfiles/htdocs/poultry/vendor/laravel/framework/src/Illuminate/Foundation/Console/Kernel.php(310): Illuminate\\Foundation\\Application->bootstrapWith(Array)
#24 /Applications/XAMPP/xamppfiles/htdocs/poultry/vendor/laravel/framework/src/Illuminate/Foundation/Console/Kernel.php(127): Illuminate\\Foundation\\Console\\Kernel->bootstrap()
#25 /Applications/XAMPP/xamppfiles/htdocs/poultry/artisan(37): Illuminate\\Foundation\\Console\\Kernel->handle(Object(Symfony\\Component\\Console\\Input\\ArgvInput), Object(Symfony\\Component\\Console\\Output\\ConsoleOutput))
#26 {main}
"} 
[2021-04-13 03:02:12] local.ERROR: syntax error, unexpected '::' (T_PAAMAYIM_NEKUDOTAYIM), expecting ')' {"exception":"[object] (ParseError(code: 0): syntax error, unexpected '::' (T_PAAMAYIM_NEKUDOTAYIM), expecting ')' at /Applications/XAMPP/xamppfiles/htdocs/poultry/routes/web.php:56)
[stacktrace]
#0 /Applications/XAMPP/xamppfiles/htdocs/poultry/vendor/laravel/framework/src/Illuminate/Routing/Router.php(425): Illuminate\\Routing\\RouteFileRegistrar->register('/Applications/X...')
#1 /Applications/XAMPP/xamppfiles/htdocs/poultry/vendor/laravel/framework/src/Illuminate/Routing/Router.php(382): Illuminate\\Routing\\Router->loadRoutes('/Applications/X...')
#2 /Applications/XAMPP/xamppfiles/htdocs/poultry/vendor/laravel/framework/src/Illuminate/Routing/RouteRegistrar.php(135): Illuminate\\Routing\\Router->group(Array, '/Applications/X...')
#3 /Applications/XAMPP/xamppfiles/htdocs/poultry/app/Providers/RouteServiceProvider.php(48): Illuminate\\Routing\\RouteRegistrar->group('/Applications/X...')
#4 /Applications/XAMPP/xamppfiles/htdocs/poultry/vendor/laravel/framework/src/Illuminate/Container/BoundMethod.php(36): App\\Providers\\RouteServiceProvider->App\\Providers\\{closure}()
#5 /Applications/XAMPP/xamppfiles/htdocs/poultry/vendor/laravel/framework/src/Illuminate/Container/Util.php(40): Illuminate\\Container\\BoundMethod::Illuminate\\Container\\{closure}()
#6 /Applications/XAMPP/xamppfiles/htdocs/poultry/vendor/laravel/framework/src/Illuminate/Container/BoundMethod.php(81): Illuminate\\Container\\Util::unwrapIfClosure(Object(Closure))
#7 /Applications/XAMPP/xamppfiles/htdocs/poultry/vendor/laravel/framework/src/Illuminate/Container/BoundMethod.php(37): Illuminate\\Container\\BoundMethod::callBoundMethod(Object(Illuminate\\Foundation\\Application), Object(Closure), Object(Closure))
#8 /Applications/XAMPP/xamppfiles/htdocs/poultry/vendor/laravel/framework/src/Illuminate/Container/Container.php(611): Illuminate\\Container\\BoundMethod::call(Object(Illuminate\\Foundation\\Application), Object(Closure), Array, NULL)
#9 /Applications/XAMPP/xamppfiles/htdocs/poultry/vendor/laravel/framework/src/Illuminate/Foundation/Support/Providers/RouteServiceProvider.php(120): Illuminate\\Container\\Container->call(Object(Closure))
#10 /Applications/XAMPP/xamppfiles/htdocs/poultry/vendor/laravel/framework/src/Illuminate/Foundation/Support/Providers/RouteServiceProvider.php(45): Illuminate\\Foundation\\Support\\Providers\\RouteServiceProvider->loadRoutes()
#11 /Applications/XAMPP/xamppfiles/htdocs/poultry/vendor/laravel/framework/src/Illuminate/Container/BoundMethod.php(36): Illuminate\\Foundation\\Support\\Providers\\RouteServiceProvider->Illuminate\\Foundation\\Support\\Providers\\{closure}()
#12 /Applications/XAMPP/xamppfiles/htdocs/poultry/vendor/laravel/framework/src/Illuminate/Container/Util.php(40): Illuminate\\Container\\BoundMethod::Illuminate\\Container\\{closure}()
#13 /Applications/XAMPP/xamppfiles/htdocs/poultry/vendor/laravel/framework/src/Illuminate/Container/BoundMethod.php(81): Illuminate\\Container\\Util::unwrapIfClosure(Object(Closure))
#14 /Applications/XAMPP/xamppfiles/htdocs/poultry/vendor/laravel/framework/src/Illuminate/Container/BoundMethod.php(37): Illuminate\\Container\\BoundMethod::callBoundMethod(Object(Illuminate\\Foundation\\Application), Object(Closure), Object(Closure))
#15 /Applications/XAMPP/xamppfiles/htdocs/poultry/vendor/laravel/framework/src/Illuminate/Container/Container.php(611): Illuminate\\Container\\BoundMethod::call(Object(Illuminate\\Foundation\\Application), Object(Closure), Array, NULL)
#16 /Applications/XAMPP/xamppfiles/htdocs/poultry/vendor/laravel/framework/src/Illuminate/Support/ServiceProvider.php(113): Illuminate\\Container\\Container->call(Object(Closure))
#17 /Applications/XAMPP/xamppfiles/htdocs/poultry/vendor/laravel/framework/src/Illuminate/Foundation/Application.php(917): Illuminate\\Support\\ServiceProvider->callBootedCallbacks()
#18 /Applications/XAMPP/xamppfiles/htdocs/poultry/vendor/laravel/framework/src/Illuminate/Foundation/Application.php(895): Illuminate\\Foundation\\Application->bootProvider(Object(App\\Providers\\RouteServiceProvider))
#19 [internal function]: Illuminate\\Foundation\\Application->Illuminate\\Foundation\\{closure}(Object(App\\Providers\\RouteServiceProvider), 28)
#20 /Applications/XAMPP/xamppfiles/htdocs/poultry/vendor/laravel/framework/src/Illuminate/Foundation/Application.php(896): array_walk(Array, Object(Closure))
#21 /Applications/XAMPP/xamppfiles/htdocs/poultry/vendor/laravel/framework/src/Illuminate/Foundation/Bootstrap/BootProviders.php(17): Illuminate\\Foundation\\Application->boot()
#22 /Applications/XAMPP/xamppfiles/htdocs/poultry/vendor/laravel/framework/src/Illuminate/Foundation/Application.php(237): Illuminate\\Foundation\\Bootstrap\\BootProviders->bootstrap(Object(Illuminate\\Foundation\\Application))
#23 /Applications/XAMPP/xamppfiles/htdocs/poultry/vendor/laravel/framework/src/Illuminate/Foundation/Console/Kernel.php(310): Illuminate\\Foundation\\Application->bootstrapWith(Array)
#24 /Applications/XAMPP/xamppfiles/htdocs/poultry/vendor/laravel/framework/src/Illuminate/Foundation/Console/Kernel.php(127): Illuminate\\Foundation\\Console\\Kernel->bootstrap()
#25 /Applications/XAMPP/xamppfiles/htdocs/poultry/artisan(37): Illuminate\\Foundation\\Console\\Kernel->handle(Object(Symfony\\Component\\Console\\Input\\ArgvInput), Object(Symfony\\Component\\Console\\Output\\ConsoleOutput))
#26 {main}
"} 
[2021-04-13 03:02:52] local.ERROR: syntax error, unexpected '::' (T_PAAMAYIM_NEKUDOTAYIM), expecting ')' {"exception":"[object] (ParseError(code: 0): syntax error, unexpected '::' (T_PAAMAYIM_NEKUDOTAYIM), expecting ')' at /Applications/XAMPP/xamppfiles/htdocs/poultry/routes/web.php:56)
[stacktrace]
#0 /Applications/XAMPP/xamppfiles/htdocs/poultry/vendor/laravel/framework/src/Illuminate/Routing/Router.php(425): Illuminate\\Routing\\RouteFileRegistrar->register('/Applications/X...')
#1 /Applications/XAMPP/xamppfiles/htdocs/poultry/vendor/laravel/framework/src/Illuminate/Routing/Router.php(382): Illuminate\\Routing\\Router->loadRoutes('/Applications/X...')
#2 /Applications/XAMPP/xamppfiles/htdocs/poultry/vendor/laravel/framework/src/Illuminate/Routing/RouteRegistrar.php(135): Illuminate\\Routing\\Router->group(Array, '/Applications/X...')
#3 /Applications/XAMPP/xamppfiles/htdocs/poultry/app/Providers/RouteServiceProvider.php(48): Illuminate\\Routing\\RouteRegistrar->group('/Applications/X...')
#4 /Applications/XAMPP/xamppfiles/htdocs/poultry/vendor/laravel/framework/src/Illuminate/Container/BoundMethod.php(36): App\\Providers\\RouteServiceProvider->App\\Providers\\{closure}()
#5 /Applications/XAMPP/xamppfiles/htdocs/poultry/vendor/laravel/framework/src/Illuminate/Container/Util.php(40): Illuminate\\Container\\BoundMethod::Illuminate\\Container\\{closure}()
#6 /Applications/XAMPP/xamppfiles/htdocs/poultry/vendor/laravel/framework/src/Illuminate/Container/BoundMethod.php(81): Illuminate\\Container\\Util::unwrapIfClosure(Object(Closure))
#7 /Applications/XAMPP/xamppfiles/htdocs/poultry/vendor/laravel/framework/src/Illuminate/Container/BoundMethod.php(37): Illuminate\\Container\\BoundMethod::callBoundMethod(Object(Illuminate\\Foundation\\Application), Object(Closure), Object(Closure))
#8 /Applications/XAMPP/xamppfiles/htdocs/poultry/vendor/laravel/framework/src/Illuminate/Container/Container.php(611): Illuminate\\Container\\BoundMethod::call(Object(Illuminate\\Foundation\\Application), Object(Closure), Array, NULL)
#9 /Applications/XAMPP/xamppfiles/htdocs/poultry/vendor/laravel/framework/src/Illuminate/Foundation/Support/Providers/RouteServiceProvider.php(120): Illuminate\\Container\\Container->call(Object(Closure))
#10 /Applications/XAMPP/xamppfiles/htdocs/poultry/vendor/laravel/framework/src/Illuminate/Foundation/Support/Providers/RouteServiceProvider.php(45): Illuminate\\Foundation\\Support\\Providers\\RouteServiceProvider->loadRoutes()
#11 /Applications/XAMPP/xamppfiles/htdocs/poultry/vendor/laravel/framework/src/Illuminate/Container/BoundMethod.php(36): Illuminate\\Foundation\\Support\\Providers\\RouteServiceProvider->Illuminate\\Foundation\\Support\\Providers\\{closure}()
#12 /Applications/XAMPP/xamppfiles/htdocs/poultry/vendor/laravel/framework/src/Illuminate/Container/Util.php(40): Illuminate\\Container\\BoundMethod::Illuminate\\Container\\{closure}()
#13 /Applications/XAMPP/xamppfiles/htdocs/poultry/vendor/laravel/framework/src/Illuminate/Container/BoundMethod.php(81): Illuminate\\Container\\Util::unwrapIfClosure(Object(Closure))
#14 /Applications/XAMPP/xamppfiles/htdocs/poultry/vendor/laravel/framework/src/Illuminate/Container/BoundMethod.php(37): Illuminate\\Container\\BoundMethod::callBoundMethod(Object(Illuminate\\Foundation\\Application), Object(Closure), Object(Closure))
#15 /Applications/XAMPP/xamppfiles/htdocs/poultry/vendor/laravel/framework/src/Illuminate/Container/Container.php(611): Illuminate\\Container\\BoundMethod::call(Object(Illuminate\\Foundation\\Application), Object(Closure), Array, NULL)
#16 /Applications/XAMPP/xamppfiles/htdocs/poultry/vendor/laravel/framework/src/Illuminate/Support/ServiceProvider.php(113): Illuminate\\Container\\Container->call(Object(Closure))
#17 /Applications/XAMPP/xamppfiles/htdocs/poultry/vendor/laravel/framework/src/Illuminate/Foundation/Application.php(917): Illuminate\\Support\\ServiceProvider->callBootedCallbacks()
#18 /Applications/XAMPP/xamppfiles/htdocs/poultry/vendor/laravel/framework/src/Illuminate/Foundation/Application.php(895): Illuminate\\Foundation\\Application->bootProvider(Object(App\\Providers\\RouteServiceProvider))
#19 [internal function]: Illuminate\\Foundation\\Application->Illuminate\\Foundation\\{closure}(Object(App\\Providers\\RouteServiceProvider), 28)
#20 /Applications/XAMPP/xamppfiles/htdocs/poultry/vendor/laravel/framework/src/Illuminate/Foundation/Application.php(896): array_walk(Array, Object(Closure))
#21 /Applications/XAMPP/xamppfiles/htdocs/poultry/vendor/laravel/framework/src/Illuminate/Foundation/Bootstrap/BootProviders.php(17): Illuminate\\Foundation\\Application->boot()
#22 /Applications/XAMPP/xamppfiles/htdocs/poultry/vendor/laravel/framework/src/Illuminate/Foundation/Application.php(237): Illuminate\\Foundation\\Bootstrap\\BootProviders->bootstrap(Object(Illuminate\\Foundation\\Application))
#23 /Applications/XAMPP/xamppfiles/htdocs/poultry/vendor/laravel/framework/src/Illuminate/Foundation/Console/Kernel.php(310): Illuminate\\Foundation\\Application->bootstrapWith(Array)
#24 /Applications/XAMPP/xamppfiles/htdocs/poultry/vendor/laravel/framework/src/Illuminate/Foundation/Console/Kernel.php(127): Illuminate\\Foundation\\Console\\Kernel->bootstrap()
#25 /Applications/XAMPP/xamppfiles/htdocs/poultry/artisan(37): Illuminate\\Foundation\\Console\\Kernel->handle(Object(Symfony\\Component\\Console\\Input\\ArgvInput), Object(Symfony\\Component\\Console\\Output\\ConsoleOutput))
#26 {main}
"} 
