[2021-05-04 07:00:13] local.INFO: Detected N+1 Query  
[2021-05-04 07:00:13] local.INFO: Model: App\Models\Distribution
Relation: feed
Num-Called: 2
Call-Stack:
#18 /storage/framework/views/fb56a245dcb675dae60a91035f6656eeee627b84.php:53
#20 /vendor/laravel/framework/src/Illuminate/Filesystem/Filesystem.php:108
#21 /vendor/laravel/framework/src/Illuminate/View/Engines/PhpEngine.php:58
#22 /vendor/laravel/framework/src/Illuminate/View/Engines/CompilerEngine.php:61
#23 /vendor/facade/ignition/src/Views/Engines/CompilerEngine.php:37
#24 /vendor/laravel/framework/src/Illuminate/View/View.php:139
#25 /vendor/laravel/framework/src/Illuminate/View/View.php:122
#26 /vendor/laravel/framework/src/Illuminate/View/View.php:91
#27 /vendor/laravel/framework/src/Illuminate/Http/Response.php:69
#28 /vendor/laravel/framework/src/Illuminate/Http/Response.php:35
#29 /vendor/laravel/framework/src/Illuminate/Routing/Router.php:791
#30 /vendor/laravel/framework/src/Illuminate/Routing/Router.php:761
#31 /vendor/laravel/framework/src/Illuminate/Routing/Router.php:695
#32 /vendor/laravel/framework/src/Illuminate/Pipeline/Pipeline.php:128
#33 /app/Http/Middleware/AuthGates.php:32
#34 /vendor/laravel/framework/src/Illuminate/Pipeline/Pipeline.php:167
#35 /vendor/laravel/framework/src/Illuminate/Routing/Middleware/SubstituteBindings.php:50
#36 /vendor/laravel/framework/src/Illuminate/Pipeline/Pipeline.php:167
#37 /vendor/laravel/framework/src/Illuminate/Auth/Middleware/Authenticate.php:44
#38 /vendor/laravel/framework/src/Illuminate/Pipeline/Pipeline.php:167
#39 /vendor/laravel/framework/src/Illuminate/Foundation/Http/Middleware/VerifyCsrfToken.php:78
#40 /vendor/laravel/framework/src/Illuminate/Pipeline/Pipeline.php:167
#41 /vendor/laravel/framework/src/Illuminate/View/Middleware/ShareErrorsFromSession.php:49
#42 /vendor/laravel/framework/src/Illuminate/Pipeline/Pipeline.php:167
#43 /vendor/laravel/framework/src/Illuminate/Session/Middleware/StartSession.php:121
#44 /vendor/laravel/framework/src/Illuminate/Session/Middleware/StartSession.php:64
#45 /vendor/laravel/framework/src/Illuminate/Pipeline/Pipeline.php:167
#46 /vendor/laravel/framework/src/Illuminate/Cookie/Middleware/AddQueuedCookiesToResponse.php:37
#47 /vendor/laravel/framework/src/Illuminate/Pipeline/Pipeline.php:167
#48 /vendor/laravel/framework/src/Illuminate/Cookie/Middleware/EncryptCookies.php:67
#49 /vendor/laravel/framework/src/Illuminate/Pipeline/Pipeline.php:167
  
[2021-05-04 07:01:02] local.INFO: Detected N+1 Query  
[2021-05-04 07:01:02] local.INFO: Model: App\Models\Distribution
Relation: feed
Num-Called: 2
Call-Stack:
#18 /storage/framework/views/fb56a245dcb675dae60a91035f6656eeee627b84.php:53
#20 /vendor/laravel/framework/src/Illuminate/Filesystem/Filesystem.php:108
#21 /vendor/laravel/framework/src/Illuminate/View/Engines/PhpEngine.php:58
#22 /vendor/laravel/framework/src/Illuminate/View/Engines/CompilerEngine.php:61
#23 /vendor/facade/ignition/src/Views/Engines/CompilerEngine.php:37
#24 /vendor/laravel/framework/src/Illuminate/View/View.php:139
#25 /vendor/laravel/framework/src/Illuminate/View/View.php:122
#26 /vendor/laravel/framework/src/Illuminate/View/View.php:91
#27 /vendor/laravel/framework/src/Illuminate/Http/Response.php:69
#28 /vendor/laravel/framework/src/Illuminate/Http/Response.php:35
#29 /vendor/laravel/framework/src/Illuminate/Routing/Router.php:791
#30 /vendor/laravel/framework/src/Illuminate/Routing/Router.php:761
#31 /vendor/laravel/framework/src/Illuminate/Routing/Router.php:695
#32 /vendor/laravel/framework/src/Illuminate/Pipeline/Pipeline.php:128
#33 /app/Http/Middleware/AuthGates.php:32
#34 /vendor/laravel/framework/src/Illuminate/Pipeline/Pipeline.php:167
#35 /vendor/laravel/framework/src/Illuminate/Routing/Middleware/SubstituteBindings.php:50
#36 /vendor/laravel/framework/src/Illuminate/Pipeline/Pipeline.php:167
#37 /vendor/laravel/framework/src/Illuminate/Auth/Middleware/Authenticate.php:44
#38 /vendor/laravel/framework/src/Illuminate/Pipeline/Pipeline.php:167
#39 /vendor/laravel/framework/src/Illuminate/Foundation/Http/Middleware/VerifyCsrfToken.php:78
#40 /vendor/laravel/framework/src/Illuminate/Pipeline/Pipeline.php:167
#41 /vendor/laravel/framework/src/Illuminate/View/Middleware/ShareErrorsFromSession.php:49
#42 /vendor/laravel/framework/src/Illuminate/Pipeline/Pipeline.php:167
#43 /vendor/laravel/framework/src/Illuminate/Session/Middleware/StartSession.php:121
#44 /vendor/laravel/framework/src/Illuminate/Session/Middleware/StartSession.php:64
#45 /vendor/laravel/framework/src/Illuminate/Pipeline/Pipeline.php:167
#46 /vendor/laravel/framework/src/Illuminate/Cookie/Middleware/AddQueuedCookiesToResponse.php:37
#47 /vendor/laravel/framework/src/Illuminate/Pipeline/Pipeline.php:167
#48 /vendor/laravel/framework/src/Illuminate/Cookie/Middleware/EncryptCookies.php:67
#49 /vendor/laravel/framework/src/Illuminate/Pipeline/Pipeline.php:167
  
[2021-05-04 07:37:55] local.INFO: Detected N+1 Query  
[2021-05-04 07:37:55] local.INFO: Model: App\Models\Distribution
Relation: feed
Num-Called: 2
Call-Stack:
#18 /storage/framework/views/fb56a245dcb675dae60a91035f6656eeee627b84.php:53
#20 /vendor/laravel/framework/src/Illuminate/Filesystem/Filesystem.php:108
#21 /vendor/laravel/framework/src/Illuminate/View/Engines/PhpEngine.php:58
#22 /vendor/laravel/framework/src/Illuminate/View/Engines/CompilerEngine.php:61
#23 /vendor/facade/ignition/src/Views/Engines/CompilerEngine.php:37
#24 /vendor/laravel/framework/src/Illuminate/View/View.php:139
#25 /vendor/laravel/framework/src/Illuminate/View/View.php:122
#26 /vendor/laravel/framework/src/Illuminate/View/View.php:91
#27 /vendor/laravel/framework/src/Illuminate/Http/Response.php:69
#28 /vendor/laravel/framework/src/Illuminate/Http/Response.php:35
#29 /vendor/laravel/framework/src/Illuminate/Routing/Router.php:791
#30 /vendor/laravel/framework/src/Illuminate/Routing/Router.php:761
#31 /vendor/laravel/framework/src/Illuminate/Routing/Router.php:695
#32 /vendor/laravel/framework/src/Illuminate/Pipeline/Pipeline.php:128
#33 /app/Http/Middleware/AuthGates.php:32
#34 /vendor/laravel/framework/src/Illuminate/Pipeline/Pipeline.php:167
#35 /vendor/laravel/framework/src/Illuminate/Routing/Middleware/SubstituteBindings.php:50
#36 /vendor/laravel/framework/src/Illuminate/Pipeline/Pipeline.php:167
#37 /vendor/laravel/framework/src/Illuminate/Auth/Middleware/Authenticate.php:44
#38 /vendor/laravel/framework/src/Illuminate/Pipeline/Pipeline.php:167
#39 /vendor/laravel/framework/src/Illuminate/Foundation/Http/Middleware/VerifyCsrfToken.php:78
#40 /vendor/laravel/framework/src/Illuminate/Pipeline/Pipeline.php:167
#41 /vendor/laravel/framework/src/Illuminate/View/Middleware/ShareErrorsFromSession.php:49
#42 /vendor/laravel/framework/src/Illuminate/Pipeline/Pipeline.php:167
#43 /vendor/laravel/framework/src/Illuminate/Session/Middleware/StartSession.php:121
#44 /vendor/laravel/framework/src/Illuminate/Session/Middleware/StartSession.php:64
#45 /vendor/laravel/framework/src/Illuminate/Pipeline/Pipeline.php:167
#46 /vendor/laravel/framework/src/Illuminate/Cookie/Middleware/AddQueuedCookiesToResponse.php:37
#47 /vendor/laravel/framework/src/Illuminate/Pipeline/Pipeline.php:167
#48 /vendor/laravel/framework/src/Illuminate/Cookie/Middleware/EncryptCookies.php:67
#49 /vendor/laravel/framework/src/Illuminate/Pipeline/Pipeline.php:167
  
[2021-05-04 07:43:00] local.INFO: Detected N+1 Query  
[2021-05-04 07:43:00] local.INFO: Model: App\Models\Distribution
Relation: feed
Num-Called: 2
Call-Stack:
#18 /storage/framework/views/fb56a245dcb675dae60a91035f6656eeee627b84.php:53
#20 /vendor/laravel/framework/src/Illuminate/Filesystem/Filesystem.php:108
#21 /vendor/laravel/framework/src/Illuminate/View/Engines/PhpEngine.php:58
#22 /vendor/laravel/framework/src/Illuminate/View/Engines/CompilerEngine.php:61
#23 /vendor/facade/ignition/src/Views/Engines/CompilerEngine.php:37
#24 /vendor/laravel/framework/src/Illuminate/View/View.php:139
#25 /vendor/laravel/framework/src/Illuminate/View/View.php:122
#26 /vendor/laravel/framework/src/Illuminate/View/View.php:91
#27 /vendor/laravel/framework/src/Illuminate/Http/Response.php:69
#28 /vendor/laravel/framework/src/Illuminate/Http/Response.php:35
#29 /vendor/laravel/framework/src/Illuminate/Routing/Router.php:791
#30 /vendor/laravel/framework/src/Illuminate/Routing/Router.php:761
#31 /vendor/laravel/framework/src/Illuminate/Routing/Router.php:695
#32 /vendor/laravel/framework/src/Illuminate/Pipeline/Pipeline.php:128
#33 /app/Http/Middleware/AuthGates.php:32
#34 /vendor/laravel/framework/src/Illuminate/Pipeline/Pipeline.php:167
#35 /vendor/laravel/framework/src/Illuminate/Routing/Middleware/SubstituteBindings.php:50
#36 /vendor/laravel/framework/src/Illuminate/Pipeline/Pipeline.php:167
#37 /vendor/laravel/framework/src/Illuminate/Auth/Middleware/Authenticate.php:44
#38 /vendor/laravel/framework/src/Illuminate/Pipeline/Pipeline.php:167
#39 /vendor/laravel/framework/src/Illuminate/Foundation/Http/Middleware/VerifyCsrfToken.php:78
#40 /vendor/laravel/framework/src/Illuminate/Pipeline/Pipeline.php:167
#41 /vendor/laravel/framework/src/Illuminate/View/Middleware/ShareErrorsFromSession.php:49
#42 /vendor/laravel/framework/src/Illuminate/Pipeline/Pipeline.php:167
#43 /vendor/laravel/framework/src/Illuminate/Session/Middleware/StartSession.php:121
#44 /vendor/laravel/framework/src/Illuminate/Session/Middleware/StartSession.php:64
#45 /vendor/laravel/framework/src/Illuminate/Pipeline/Pipeline.php:167
#46 /vendor/laravel/framework/src/Illuminate/Cookie/Middleware/AddQueuedCookiesToResponse.php:37
#47 /vendor/laravel/framework/src/Illuminate/Pipeline/Pipeline.php:167
#48 /vendor/laravel/framework/src/Illuminate/Cookie/Middleware/EncryptCookies.php:67
#49 /vendor/laravel/framework/src/Illuminate/Pipeline/Pipeline.php:167
  
[2021-05-04 07:43:13] local.INFO: Detected N+1 Query  
[2021-05-04 07:43:13] local.INFO: Model: App\Models\Distribution
Relation: feed
Num-Called: 2
Call-Stack:
#18 /storage/framework/views/fb56a245dcb675dae60a91035f6656eeee627b84.php:53
#20 /vendor/laravel/framework/src/Illuminate/Filesystem/Filesystem.php:108
#21 /vendor/laravel/framework/src/Illuminate/View/Engines/PhpEngine.php:58
#22 /vendor/laravel/framework/src/Illuminate/View/Engines/CompilerEngine.php:61
#23 /vendor/facade/ignition/src/Views/Engines/CompilerEngine.php:37
#24 /vendor/laravel/framework/src/Illuminate/View/View.php:139
#25 /vendor/laravel/framework/src/Illuminate/View/View.php:122
#26 /vendor/laravel/framework/src/Illuminate/View/View.php:91
#27 /vendor/laravel/framework/src/Illuminate/Http/Response.php:69
#28 /vendor/laravel/framework/src/Illuminate/Http/Response.php:35
#29 /vendor/laravel/framework/src/Illuminate/Routing/Router.php:791
#30 /vendor/laravel/framework/src/Illuminate/Routing/Router.php:761
#31 /vendor/laravel/framework/src/Illuminate/Routing/Router.php:695
#32 /vendor/laravel/framework/src/Illuminate/Pipeline/Pipeline.php:128
#33 /app/Http/Middleware/AuthGates.php:32
#34 /vendor/laravel/framework/src/Illuminate/Pipeline/Pipeline.php:167
#35 /vendor/laravel/framework/src/Illuminate/Routing/Middleware/SubstituteBindings.php:50
#36 /vendor/laravel/framework/src/Illuminate/Pipeline/Pipeline.php:167
#37 /vendor/laravel/framework/src/Illuminate/Auth/Middleware/Authenticate.php:44
#38 /vendor/laravel/framework/src/Illuminate/Pipeline/Pipeline.php:167
#39 /vendor/laravel/framework/src/Illuminate/Foundation/Http/Middleware/VerifyCsrfToken.php:78
#40 /vendor/laravel/framework/src/Illuminate/Pipeline/Pipeline.php:167
#41 /vendor/laravel/framework/src/Illuminate/View/Middleware/ShareErrorsFromSession.php:49
#42 /vendor/laravel/framework/src/Illuminate/Pipeline/Pipeline.php:167
#43 /vendor/laravel/framework/src/Illuminate/Session/Middleware/StartSession.php:121
#44 /vendor/laravel/framework/src/Illuminate/Session/Middleware/StartSession.php:64
#45 /vendor/laravel/framework/src/Illuminate/Pipeline/Pipeline.php:167
#46 /vendor/laravel/framework/src/Illuminate/Cookie/Middleware/AddQueuedCookiesToResponse.php:37
#47 /vendor/laravel/framework/src/Illuminate/Pipeline/Pipeline.php:167
#48 /vendor/laravel/framework/src/Illuminate/Cookie/Middleware/EncryptCookies.php:67
#49 /vendor/laravel/framework/src/Illuminate/Pipeline/Pipeline.php:167
  
[2021-05-04 07:44:08] local.INFO: Detected N+1 Query  
[2021-05-04 07:44:08] local.INFO: Model: App\Models\Distribution
Relation: feed
Num-Called: 2
Call-Stack:
#18 /storage/framework/views/fb56a245dcb675dae60a91035f6656eeee627b84.php:53
#20 /vendor/laravel/framework/src/Illuminate/Filesystem/Filesystem.php:108
#21 /vendor/laravel/framework/src/Illuminate/View/Engines/PhpEngine.php:58
#22 /vendor/laravel/framework/src/Illuminate/View/Engines/CompilerEngine.php:61
#23 /vendor/facade/ignition/src/Views/Engines/CompilerEngine.php:37
#24 /vendor/laravel/framework/src/Illuminate/View/View.php:139
#25 /vendor/laravel/framework/src/Illuminate/View/View.php:122
#26 /vendor/laravel/framework/src/Illuminate/View/View.php:91
#27 /vendor/laravel/framework/src/Illuminate/Http/Response.php:69
#28 /vendor/laravel/framework/src/Illuminate/Http/Response.php:35
#29 /vendor/laravel/framework/src/Illuminate/Routing/Router.php:791
#30 /vendor/laravel/framework/src/Illuminate/Routing/Router.php:761
#31 /vendor/laravel/framework/src/Illuminate/Routing/Router.php:695
#32 /vendor/laravel/framework/src/Illuminate/Pipeline/Pipeline.php:128
#33 /app/Http/Middleware/AuthGates.php:32
#34 /vendor/laravel/framework/src/Illuminate/Pipeline/Pipeline.php:167
#35 /vendor/laravel/framework/src/Illuminate/Routing/Middleware/SubstituteBindings.php:50
#36 /vendor/laravel/framework/src/Illuminate/Pipeline/Pipeline.php:167
#37 /vendor/laravel/framework/src/Illuminate/Auth/Middleware/Authenticate.php:44
#38 /vendor/laravel/framework/src/Illuminate/Pipeline/Pipeline.php:167
#39 /vendor/laravel/framework/src/Illuminate/Foundation/Http/Middleware/VerifyCsrfToken.php:78
#40 /vendor/laravel/framework/src/Illuminate/Pipeline/Pipeline.php:167
#41 /vendor/laravel/framework/src/Illuminate/View/Middleware/ShareErrorsFromSession.php:49
#42 /vendor/laravel/framework/src/Illuminate/Pipeline/Pipeline.php:167
#43 /vendor/laravel/framework/src/Illuminate/Session/Middleware/StartSession.php:121
#44 /vendor/laravel/framework/src/Illuminate/Session/Middleware/StartSession.php:64
#45 /vendor/laravel/framework/src/Illuminate/Pipeline/Pipeline.php:167
#46 /vendor/laravel/framework/src/Illuminate/Cookie/Middleware/AddQueuedCookiesToResponse.php:37
#47 /vendor/laravel/framework/src/Illuminate/Pipeline/Pipeline.php:167
#48 /vendor/laravel/framework/src/Illuminate/Cookie/Middleware/EncryptCookies.php:67
#49 /vendor/laravel/framework/src/Illuminate/Pipeline/Pipeline.php:167
  
[2021-05-04 07:44:29] local.INFO: Detected N+1 Query  
[2021-05-04 07:44:29] local.INFO: Model: App\Models\Distribution
Relation: feed
Num-Called: 2
Call-Stack:
#18 /storage/framework/views/fb56a245dcb675dae60a91035f6656eeee627b84.php:53
#20 /vendor/laravel/framework/src/Illuminate/Filesystem/Filesystem.php:108
#21 /vendor/laravel/framework/src/Illuminate/View/Engines/PhpEngine.php:58
#22 /vendor/laravel/framework/src/Illuminate/View/Engines/CompilerEngine.php:61
#23 /vendor/facade/ignition/src/Views/Engines/CompilerEngine.php:37
#24 /vendor/laravel/framework/src/Illuminate/View/View.php:139
#25 /vendor/laravel/framework/src/Illuminate/View/View.php:122
#26 /vendor/laravel/framework/src/Illuminate/View/View.php:91
#27 /vendor/laravel/framework/src/Illuminate/Http/Response.php:69
#28 /vendor/laravel/framework/src/Illuminate/Http/Response.php:35
#29 /vendor/laravel/framework/src/Illuminate/Routing/Router.php:791
#30 /vendor/laravel/framework/src/Illuminate/Routing/Router.php:761
#31 /vendor/laravel/framework/src/Illuminate/Routing/Router.php:695
#32 /vendor/laravel/framework/src/Illuminate/Pipeline/Pipeline.php:128
#33 /app/Http/Middleware/AuthGates.php:32
#34 /vendor/laravel/framework/src/Illuminate/Pipeline/Pipeline.php:167
#35 /vendor/laravel/framework/src/Illuminate/Routing/Middleware/SubstituteBindings.php:50
#36 /vendor/laravel/framework/src/Illuminate/Pipeline/Pipeline.php:167
#37 /vendor/laravel/framework/src/Illuminate/Auth/Middleware/Authenticate.php:44
#38 /vendor/laravel/framework/src/Illuminate/Pipeline/Pipeline.php:167
#39 /vendor/laravel/framework/src/Illuminate/Foundation/Http/Middleware/VerifyCsrfToken.php:78
#40 /vendor/laravel/framework/src/Illuminate/Pipeline/Pipeline.php:167
#41 /vendor/laravel/framework/src/Illuminate/View/Middleware/ShareErrorsFromSession.php:49
#42 /vendor/laravel/framework/src/Illuminate/Pipeline/Pipeline.php:167
#43 /vendor/laravel/framework/src/Illuminate/Session/Middleware/StartSession.php:121
#44 /vendor/laravel/framework/src/Illuminate/Session/Middleware/StartSession.php:64
#45 /vendor/laravel/framework/src/Illuminate/Pipeline/Pipeline.php:167
#46 /vendor/laravel/framework/src/Illuminate/Cookie/Middleware/AddQueuedCookiesToResponse.php:37
#47 /vendor/laravel/framework/src/Illuminate/Pipeline/Pipeline.php:167
#48 /vendor/laravel/framework/src/Illuminate/Cookie/Middleware/EncryptCookies.php:67
#49 /vendor/laravel/framework/src/Illuminate/Pipeline/Pipeline.php:167
  
[2021-05-04 07:44:29] local.INFO: Model: App\Models\Distribution
Relation: raw
Num-Called: 2
Call-Stack:
#18 /storage/framework/views/fb56a245dcb675dae60a91035f6656eeee627b84.php:149
#20 /vendor/laravel/framework/src/Illuminate/Filesystem/Filesystem.php:108
#21 /vendor/laravel/framework/src/Illuminate/View/Engines/PhpEngine.php:58
#22 /vendor/laravel/framework/src/Illuminate/View/Engines/CompilerEngine.php:61
#23 /vendor/facade/ignition/src/Views/Engines/CompilerEngine.php:37
#24 /vendor/laravel/framework/src/Illuminate/View/View.php:139
#25 /vendor/laravel/framework/src/Illuminate/View/View.php:122
#26 /vendor/laravel/framework/src/Illuminate/View/View.php:91
#27 /vendor/laravel/framework/src/Illuminate/Http/Response.php:69
#28 /vendor/laravel/framework/src/Illuminate/Http/Response.php:35
#29 /vendor/laravel/framework/src/Illuminate/Routing/Router.php:791
#30 /vendor/laravel/framework/src/Illuminate/Routing/Router.php:761
#31 /vendor/laravel/framework/src/Illuminate/Routing/Router.php:695
#32 /vendor/laravel/framework/src/Illuminate/Pipeline/Pipeline.php:128
#33 /app/Http/Middleware/AuthGates.php:32
#34 /vendor/laravel/framework/src/Illuminate/Pipeline/Pipeline.php:167
#35 /vendor/laravel/framework/src/Illuminate/Routing/Middleware/SubstituteBindings.php:50
#36 /vendor/laravel/framework/src/Illuminate/Pipeline/Pipeline.php:167
#37 /vendor/laravel/framework/src/Illuminate/Auth/Middleware/Authenticate.php:44
#38 /vendor/laravel/framework/src/Illuminate/Pipeline/Pipeline.php:167
#39 /vendor/laravel/framework/src/Illuminate/Foundation/Http/Middleware/VerifyCsrfToken.php:78
#40 /vendor/laravel/framework/src/Illuminate/Pipeline/Pipeline.php:167
#41 /vendor/laravel/framework/src/Illuminate/View/Middleware/ShareErrorsFromSession.php:49
#42 /vendor/laravel/framework/src/Illuminate/Pipeline/Pipeline.php:167
#43 /vendor/laravel/framework/src/Illuminate/Session/Middleware/StartSession.php:121
#44 /vendor/laravel/framework/src/Illuminate/Session/Middleware/StartSession.php:64
#45 /vendor/laravel/framework/src/Illuminate/Pipeline/Pipeline.php:167
#46 /vendor/laravel/framework/src/Illuminate/Cookie/Middleware/AddQueuedCookiesToResponse.php:37
#47 /vendor/laravel/framework/src/Illuminate/Pipeline/Pipeline.php:167
#48 /vendor/laravel/framework/src/Illuminate/Cookie/Middleware/EncryptCookies.php:67
#49 /vendor/laravel/framework/src/Illuminate/Pipeline/Pipeline.php:167
  
